Using pre-set license
Built from '2021.3/staging' branch; Version is '2021.3.9f1 (ad3870b89536) revision 11352176'; Using compiler version '192829333'; Build Type 'Release'
OS: 'Windows 10  (10.0.19045) 64bit Professional' Language: 'ru' Physical Memory: 32671 MB
BatchMode: 1, IsHumanControllingUs: 0, StartBugReporterOnCrash: 0, Is64bit: 1, IsPro: 1

COMMAND LINE ARGUMENTS:
D:\PO\2021.3.9f1\Editor\Unity.exe
-adb2
-batchMode
-noUpm
-name
AssetImportWorker0
-projectPath
D:/Export/Techno Strelka 2023
-logFile
Logs/AssetImportWorker0.log
-srvPort
54715
Successfully changed project path to: D:/Export/Techno Strelka 2023
D:/Export/Techno Strelka 2023
[UnityMemory] Configuration Parameters - Can be set up in boot.config
    "memorysetup-bucket-allocator-granularity=16"
    "memorysetup-bucket-allocator-bucket-count=8"
    "memorysetup-bucket-allocator-block-size=33554432"
    "memorysetup-bucket-allocator-block-count=8"
    "memorysetup-main-allocator-block-size=16777216"
    "memorysetup-thread-allocator-block-size=16777216"
    "memorysetup-gfx-main-allocator-block-size=16777216"
    "memorysetup-gfx-thread-allocator-block-size=16777216"
    "memorysetup-cache-allocator-block-size=4194304"
    "memorysetup-typetree-allocator-block-size=2097152"
    "memorysetup-profiler-bucket-allocator-granularity=16"
    "memorysetup-profiler-bucket-allocator-bucket-count=8"
    "memorysetup-profiler-bucket-allocator-block-size=33554432"
    "memorysetup-profiler-bucket-allocator-block-count=8"
    "memorysetup-profiler-allocator-block-size=16777216"
    "memorysetup-profiler-editor-allocator-block-size=1048576"
    "memorysetup-temp-allocator-size-main=16777216"
    "memorysetup-job-temp-allocator-block-size=2097152"
    "memorysetup-job-temp-allocator-block-size-background=1048576"
    "memorysetup-job-temp-allocator-reduction-small-platforms=262144"
    "memorysetup-temp-allocator-size-background-worker=32768"
    "memorysetup-temp-allocator-size-job-worker=262144"
    "memorysetup-temp-allocator-size-preload-manager=33554432"
    "memorysetup-temp-allocator-size-nav-mesh-worker=65536"
    "memorysetup-temp-allocator-size-audio-worker=65536"
    "memorysetup-temp-allocator-size-cloud-worker=32768"
    "memorysetup-temp-allocator-size-gi-baking-worker=262144"
    "memorysetup-temp-allocator-size-gfx=262144"
Refreshing native plugins compatible for Editor in 195.30 ms, found 9 plugins.
Preloading 0 native plugins for Editor in 0.00 ms.
Initialize engine version: 2021.3.9f1 (ad3870b89536)
[Subsystems] Discovering subsystems at path D:/PO/2021.3.9f1/Editor/Data/Resources/UnitySubsystems
[Subsystems] Discovering subsystems at path D:/Export/Techno Strelka 2023/Assets
GfxDevice: creating device client; threaded=0; jobified=0
Direct3D:
    Version:  Direct3D 11.0 [level 11.1]
    Renderer: NVIDIA GeForce GTX 1050 (ID=0x1c81)
    Vendor:   NVIDIA
    VRAM:     1977 MB
    Driver:   31.0.15.1694
Initialize mono
Mono path[0] = 'D:/PO/2021.3.9f1/Editor/Data/Managed'
Mono path[1] = 'D:/PO/2021.3.9f1/Editor/Data/MonoBleedingEdge/lib/mono/unityjit-win32'
Mono config path = 'D:/PO/2021.3.9f1/Editor/Data/MonoBleedingEdge/etc'
Using monoOptions --debugger-agent=transport=dt_socket,embedding=1,server=y,suspend=n,address=127.0.0.1:56144
Begin MonoManager ReloadAssembly
Registering precompiled unity dll's ...
Register platform support module: D:/PO/2021.3.9f1/Editor/Data/PlaybackEngines/WebGLSupport/UnityEditor.WebGL.Extensions.dll
Register platform support module: D:/PO/2021.3.9f1/Editor/Data/PlaybackEngines/AndroidPlayer/UnityEditor.Android.Extensions.dll
Register platform support module: D:/PO/2021.3.9f1/Editor/Data/PlaybackEngines/WindowsStandaloneSupport/UnityEditor.WindowsStandalone.Extensions.dll
Registered in 0.004204 seconds.
Native extension for WindowsStandalone target not found
Native extension for Android target not found
Native extension for WebGL target not found
Refreshing native plugins compatible for Editor in 194.65 ms, found 9 plugins.
Preloading 0 native plugins for Editor in 0.00 ms.
Mono: successfully reloaded assembly
- Completed reload, in  1.039 seconds
Domain Reload Profiling:
	ReloadAssembly (1040ms)
		BeginReloadAssembly (106ms)
			ExecutionOrderSort (0ms)
			DisableScriptedObjects (0ms)
			BackupInstance (0ms)
			ReleaseScriptingObjects (0ms)
			CreateAndSetChildDomain (1ms)
		EndReloadAssembly (780ms)
			LoadAssemblies (106ms)
			RebuildTransferFunctionScriptingTraits (0ms)
			SetupTypeCache (161ms)
			ReleaseScriptCaches (0ms)
			RebuildScriptCaches (40ms)
			SetupLoadedEditorAssemblies (502ms)
				LogAssemblyErrors (0ms)
				InitializePlatformSupportModulesInManaged (83ms)
				SetLoadedEditorAssemblies (0ms)
				RefreshPlugins (195ms)
				BeforeProcessingInitializeOnLoad (2ms)
				ProcessInitializeOnLoadAttributes (154ms)
				ProcessInitializeOnLoadMethodAttributes (68ms)
				AfterProcessingInitializeOnLoad (0ms)
				EditorAssembliesLoaded (0ms)
			ExecutionOrderSort2 (0ms)
			AwakeInstancesAfterBackupRestoration (0ms)
Platform modules already initialized, skipping
Registering precompiled user dll's ...
Registered in 0.010350 seconds.
Android Extension - Scanning For ADB Devices 721 ms
Begin MonoManager ReloadAssembly
Native extension for WindowsStandalone target not found
Native extension for Android target not found
Native extension for WebGL target not found
Refreshing native plugins compatible for Editor in 186.32 ms, found 9 plugins.
Preloading 0 native plugins for Editor in 0.00 ms.
Package Manager log level set to [2]
Mono: successfully reloaded assembly
- Completed reload, in  2.310 seconds
Domain Reload Profiling:
	ReloadAssembly (2311ms)
		BeginReloadAssembly (165ms)
			ExecutionOrderSort (0ms)
			DisableScriptedObjects (10ms)
			BackupInstance (0ms)
			ReleaseScriptingObjects (0ms)
			CreateAndSetChildDomain (31ms)
		EndReloadAssembly (1971ms)
			LoadAssemblies (138ms)
			RebuildTransferFunctionScriptingTraits (0ms)
			SetupTypeCache (515ms)
			ReleaseScriptCaches (2ms)
			RebuildScriptCaches (149ms)
			SetupLoadedEditorAssemblies (1085ms)
				LogAssemblyErrors (0ms)
				InitializePlatformSupportModulesInManaged (18ms)
				SetLoadedEditorAssemblies (0ms)
				RefreshPlugins (186ms)
				BeforeProcessingInitializeOnLoad (205ms)
				ProcessInitializeOnLoadAttributes (537ms)
				ProcessInitializeOnLoadMethodAttributes (134ms)
				AfterProcessingInitializeOnLoad (4ms)
				EditorAssembliesLoaded (0ms)
			ExecutionOrderSort2 (0ms)
			AwakeInstancesAfterBackupRestoration (8ms)
Platform modules already initialized, skipping
========================================================================
Worker process is ready to serve import requests
Launched and connected shader compiler UnityShaderCompiler.exe after 0.05 seconds
Refreshing native plugins compatible for Editor in 2.39 ms, found 9 plugins.
Preloading 0 native plugins for Editor in 0.00 ms.
Unloading 6882 Unused Serialized files (Serialized files now loaded: 0)
Unloading 69 unused Assets / (1.8 MB). Loaded Objects now: 7314.
Memory consumption went from 272.6 MB to 270.8 MB.
Total: 7.563900 ms (FindLiveObjects: 1.023600 ms CreateObjectMapping: 0.731600 ms MarkObjects: 4.862700 ms  DeleteObjects: 0.944900 ms)

AssetImportParameters requested are different than current active one (requested -> active):
  custom:video-decoder-ogg-theora: a1e56fd34408186e4bbccfd4996cb3dc -> 
  custom:container-muxer-webm: aa71ff27fc2769a1b78a27578f13a17b -> 
  custom:container-demuxer-webm: 4f35f7cbe854078d1ac9338744f61a02 -> 
  custom:video-encoder-webm-vp8: eb34c28f22e8b96e1ab97ce403110664 -> 
  custom:audio-encoder-webm-vorbis: bf7c407c2cedff20999df2af8eb42d56 -> 
  custom:framework-win-MediaFoundation: 216162199b28c13a410421893ffa2e32 -> 
  custom:container-demuxer-ogg: 62fdf1f143b41e24485cea50d1cbac27 -> 
  custom:video-decoder-webm-vp8: 9c59270c3fd7afecdb556c50c9e8de78 -> 
  custom:audio-decoder-ogg-vorbis: bf7c407c2cedff20999df2af8eb42d56 -> 
========================================================================
Received Import Request.
  Time since last request: 199937.855051 seconds.
  path: Assets/Materials/SciFi
  artifactKey: Guid(f4de7ba9cb27a72408cd5eda1fa751b5) Importer(815301076,1909f56bfc062723c751e8b465ee728b)
Start importing Assets/Materials/SciFi using Guid(f4de7ba9cb27a72408cd5eda1fa751b5) Importer(815301076,1909f56bfc062723c751e8b465ee728b)  -> (artifact id: '47bf345e10c5d23d92624dceac6aaffa') in 0.020157 seconds 
========================================================================
Received Import Request.
  Time since last request: 0.019798 seconds.
  path: Assets/Materials/SciFi/Sci-Fi.mat
  artifactKey: Guid(5e2d4a44a8e20eb4fae085150531ffb6) Importer(815301076,1909f56bfc062723c751e8b465ee728b)
Start importing Assets/Materials/SciFi/Sci-Fi.mat using Guid(5e2d4a44a8e20eb4fae085150531ffb6) Importer(815301076,1909f56bfc062723c751e8b465ee728b)  -> (artifact id: '307efa42374ef37288a8144c7b46f88d') in 0.339600 seconds 
========================================================================
Received Import Request.
  Time since last request: 23.605858 seconds.
  path: Assets/Materials/SciFi/Sci-Fi Barrier.shadergraph
  artifactKey: Guid(944d54069c189934abb419e22f6b4755) Importer(815301076,1909f56bfc062723c751e8b465ee728b)
Start importing Assets/Materials/SciFi/Sci-Fi Barrier.shadergraph using Guid(944d54069c189934abb419e22f6b4755) Importer(815301076,1909f56bfc062723c751e8b465ee728b)  -> (artifact id: 'e9ccb799f4bc918be1e4b8c2b0c01d0a') in 0.007225 seconds 
========================================================================
Received Import Request.
  Time since last request: 1057.911002 seconds.
  path: Assets/road.fbx
  artifactKey: Guid(ed089758eacd1414fba84be7f4220bb0) Importer(815301076,1909f56bfc062723c751e8b465ee728b)
Start importing Assets/road.fbx using Guid(ed089758eacd1414fba84be7f4220bb0) Importer(815301076,1909f56bfc062723c751e8b465ee728b)  -> (artifact id: '9b7ff8f0d8639232ac92b745a7e7b07c') in 0.166952 seconds 
========================================================================
Received Import Request.
  Time since last request: 12.594487 seconds.
  path: Assets/Prefabs/XR Origin.prefab
  artifactKey: Guid(adbc4dad7eb5da449a27c4044cae35e2) Importer(815301076,1909f56bfc062723c751e8b465ee728b)
Start importing Assets/Prefabs/XR Origin.prefab using Guid(adbc4dad7eb5da449a27c4044cae35e2) Importer(815301076,1909f56bfc062723c751e8b465ee728b)  -> (artifact id: '684312ba5946493c2e55bab7e2e26127') in 0.254097 seconds 
========================================================================
Received Import Request.
  Time since last request: 68.162381 seconds.
  path: Assets/Materials/Materials
  artifactKey: Guid(15a553f8983d2994199fc9290ae8c1bc) Importer(815301076,1909f56bfc062723c751e8b465ee728b)
Start importing Assets/Materials/Materials using Guid(15a553f8983d2994199fc9290ae8c1bc) Importer(815301076,1909f56bfc062723c751e8b465ee728b)  -> (artifact id: '4130f677522fa339aa7a12f861e5fdf6') in 0.001806 seconds 
========================================================================
Received Import Request.
  Time since last request: 150.662079 seconds.
  path: Assets/Materials/SciFi/Sci-Fi.mat
  artifactKey: Guid(5e2d4a44a8e20eb4fae085150531ffb6) Importer(815301076,1909f56bfc062723c751e8b465ee728b)
Start importing Assets/Materials/SciFi/Sci-Fi.mat using Guid(5e2d4a44a8e20eb4fae085150531ffb6) Importer(815301076,1909f56bfc062723c751e8b465ee728b)  -> (artifact id: 'b908696e2d92f85713ce8b178cac2485') in 0.499119 seconds 
========================================================================
Received Prepare
Registering precompiled user dll's ...
Registered in 0.013906 seconds.
Begin MonoManager ReloadAssembly
Native extension for WindowsStandalone target not found
Native extension for Android target not found
Native extension for WebGL target not found
Refreshing native plugins compatible for Editor in 2.08 ms, found 9 plugins.
Preloading 0 native plugins for Editor in 0.00 ms.
Mono: successfully reloaded assembly
- Completed reload, in  2.078 seconds
Domain Reload Profiling:
	ReloadAssembly (2079ms)
		BeginReloadAssembly (230ms)
			ExecutionOrderSort (0ms)
			DisableScriptedObjects (11ms)
			BackupInstance (0ms)
			ReleaseScriptingObjects (0ms)
			CreateAndSetChildDomain (75ms)
		EndReloadAssembly (1707ms)
			LoadAssemblies (134ms)
			RebuildTransferFunctionScriptingTraits (0ms)
			SetupTypeCache (533ms)
			ReleaseScriptCaches (4ms)
			RebuildScriptCaches (113ms)
			SetupLoadedEditorAssemblies (792ms)
				LogAssemblyErrors (0ms)
				InitializePlatformSupportModulesInManaged (32ms)
				SetLoadedEditorAssemblies (1ms)
				RefreshPlugins (2ms)
				BeforeProcessingInitializeOnLoad (143ms)
				ProcessInitializeOnLoadAttributes (472ms)
				ProcessInitializeOnLoadMethodAttributes (138ms)
				AfterProcessingInitializeOnLoad (4ms)
				EditorAssembliesLoaded (0ms)
			ExecutionOrderSort2 (0ms)
			AwakeInstancesAfterBackupRestoration (31ms)
Platform modules already initialized, skipping
Refreshing native plugins compatible for Editor in 7.05 ms, found 9 plugins.
Preloading 0 native plugins for Editor in 0.00 ms.
Unloading 6707 Unused Serialized files (Serialized files now loaded: 0)
Unloading 60 unused Assets / (1.8 MB). Loaded Objects now: 7407.
Memory consumption went from 281.4 MB to 279.7 MB.
Total: 7.398100 ms (FindLiveObjects: 0.758000 ms CreateObjectMapping: 0.441300 ms MarkObjects: 5.216100 ms  DeleteObjects: 0.981500 ms)

AssetImportParameters requested are different than current active one (requested -> active):
  custom:video-decoder-ogg-theora: a1e56fd34408186e4bbccfd4996cb3dc -> 
  custom:container-muxer-webm: aa71ff27fc2769a1b78a27578f13a17b -> 
  custom:container-demuxer-webm: 4f35f7cbe854078d1ac9338744f61a02 -> 
  custom:video-encoder-webm-vp8: eb34c28f22e8b96e1ab97ce403110664 -> 
  custom:audio-encoder-webm-vorbis: bf7c407c2cedff20999df2af8eb42d56 -> 
  custom:framework-win-MediaFoundation: 216162199b28c13a410421893ffa2e32 -> 
  custom:container-demuxer-ogg: 62fdf1f143b41e24485cea50d1cbac27 -> 
  custom:video-decoder-webm-vp8: 9c59270c3fd7afecdb556c50c9e8de78 -> 
  custom:audio-decoder-ogg-vorbis: bf7c407c2cedff20999df2af8eb42d56 -> 
========================================================================
Received Import Request.
  Time since last request: 553.851095 seconds.
  path: Assets/road.fbx
  artifactKey: Guid(ed089758eacd1414fba84be7f4220bb0) Importer(815301076,1909f56bfc062723c751e8b465ee728b)
Start importing Assets/road.fbx using Guid(ed089758eacd1414fba84be7f4220bb0) Importer(815301076,1909f56bfc062723c751e8b465ee728b)  -> (artifact id: 'c5be23e15d1c51d43a74b46e9d65644e') in 0.395868 seconds 
========================================================================
Received Import Request.
  Time since last request: 164.720249 seconds.
  path: Assets/road.fbx
  artifactKey: Guid(ed089758eacd1414fba84be7f4220bb0) Importer(815301076,1909f56bfc062723c751e8b465ee728b)
Start importing Assets/road.fbx using Guid(ed089758eacd1414fba84be7f4220bb0) Importer(815301076,1909f56bfc062723c751e8b465ee728b)  -> (artifact id: '7ad5f176489673e40d73fadb454d7cc5') in 0.080601 seconds 
========================================================================
Received Import Request.
  Time since last request: 26.795316 seconds.
  path: Assets/road.fbx
  artifactKey: Guid(ed089758eacd1414fba84be7f4220bb0) Importer(815301076,1909f56bfc062723c751e8b465ee728b)
Start importing Assets/road.fbx using Guid(ed089758eacd1414fba84be7f4220bb0) Importer(815301076,1909f56bfc062723c751e8b465ee728b)  -> (artifact id: '6e9e159a759f65aea511c6cd9381338d') in 0.071362 seconds 
========================================================================
Received Import Request.
  Time since last request: 470.485272 seconds.
  path: Assets/Materials/Textures/border texture.png
  artifactKey: Guid(0adb330dd9c9edb4b9293ada878f89c0) Importer(815301076,1909f56bfc062723c751e8b465ee728b)
Start importing Assets/Materials/Textures/border texture.png using Guid(0adb330dd9c9edb4b9293ada878f89c0) Importer(815301076,1909f56bfc062723c751e8b465ee728b)  -> (artifact id: '08f1c21a42d9480578b7028bbe8180eb') in 0.033619 seconds 
========================================================================
Received Import Request.
  Time since last request: 28.108595 seconds.
  path: Assets/Materials/Textures/border texture.png
  artifactKey: Guid(0adb330dd9c9edb4b9293ada878f89c0) Importer(815301076,1909f56bfc062723c751e8b465ee728b)
Start importing Assets/Materials/Textures/border texture.png using Guid(0adb330dd9c9edb4b9293ada878f89c0) Importer(815301076,1909f56bfc062723c751e8b465ee728b)  -> (artifact id: 'bf9d17dacc09b4552ab17153d4dbf59e') in 0.017789 seconds 
========================================================================
Received Import Request.
  Time since last request: 4.084286 seconds.
  path: Assets/Materials/Textures/border texture.png
  artifactKey: Guid(0adb330dd9c9edb4b9293ada878f89c0) Importer(815301076,1909f56bfc062723c751e8b465ee728b)
Start importing Assets/Materials/Textures/border texture.png using Guid(0adb330dd9c9edb4b9293ada878f89c0) Importer(815301076,1909f56bfc062723c751e8b465ee728b)  -> (artifact id: 'dc00beaf642aba3b0aa8762b9bf86412') in 0.017323 seconds 
========================================================================
Received Import Request.
  Time since last request: 67.828497 seconds.
  path: Assets/Materials/Textures/border texture.png
  artifactKey: Guid(0adb330dd9c9edb4b9293ada878f89c0) Importer(815301076,1909f56bfc062723c751e8b465ee728b)
Start importing Assets/Materials/Textures/border texture.png using Guid(0adb330dd9c9edb4b9293ada878f89c0) Importer(815301076,1909f56bfc062723c751e8b465ee728b)  -> (artifact id: '35573802ce302554685d93253266bad4') in 0.017872 seconds 
========================================================================
Received Prepare
Registering precompiled user dll's ...
Registered in 0.009332 seconds.
Begin MonoManager ReloadAssembly
Native extension for WindowsStandalone target not found
Native extension for Android target not found
Native extension for WebGL target not found
Refreshing native plugins compatible for Editor in 2.04 ms, found 9 plugins.
Preloading 0 native plugins for Editor in 0.00 ms.
Mono: successfully reloaded assembly
- Completed reload, in  2.069 seconds
Domain Reload Profiling:
	ReloadAssembly (2070ms)
		BeginReloadAssembly (225ms)
			ExecutionOrderSort (0ms)
			DisableScriptedObjects (15ms)
			BackupInstance (0ms)
			ReleaseScriptingObjects (0ms)
			CreateAndSetChildDomain (77ms)
		EndReloadAssembly (1700ms)
			LoadAssemblies (132ms)
			RebuildTransferFunctionScriptingTraits (0ms)
			SetupTypeCache (495ms)
			ReleaseScriptCaches (4ms)
			RebuildScriptCaches (106ms)
			SetupLoadedEditorAssemblies (812ms)
				LogAssemblyErrors (0ms)
				InitializePlatformSupportModulesInManaged (31ms)
				SetLoadedEditorAssemblies (1ms)
				RefreshPlugins (2ms)
				BeforeProcessingInitializeOnLoad (145ms)
				ProcessInitializeOnLoadAttributes (488ms)
				ProcessInitializeOnLoadMethodAttributes (141ms)
				AfterProcessingInitializeOnLoad (4ms)
				EditorAssembliesLoaded (0ms)
			ExecutionOrderSort2 (0ms)
			AwakeInstancesAfterBackupRestoration (37ms)
Platform modules already initialized, skipping
Refreshing native plugins compatible for Editor in 7.60 ms, found 9 plugins.
Preloading 0 native plugins for Editor in 0.00 ms.
Unloading 6707 Unused Serialized files (Serialized files now loaded: 0)
Unloading 59 unused Assets / (1.8 MB). Loaded Objects now: 7453.
Memory consumption went from 281.4 MB to 279.7 MB.
Total: 7.144700 ms (FindLiveObjects: 0.778200 ms CreateObjectMapping: 0.396300 ms MarkObjects: 4.969200 ms  DeleteObjects: 0.999900 ms)

AssetImportParameters requested are different than current active one (requested -> active):
  custom:video-decoder-ogg-theora: a1e56fd34408186e4bbccfd4996cb3dc -> 
  custom:container-muxer-webm: aa71ff27fc2769a1b78a27578f13a17b -> 
  custom:container-demuxer-webm: 4f35f7cbe854078d1ac9338744f61a02 -> 
  custom:video-encoder-webm-vp8: eb34c28f22e8b96e1ab97ce403110664 -> 
  custom:audio-encoder-webm-vorbis: bf7c407c2cedff20999df2af8eb42d56 -> 
  custom:framework-win-MediaFoundation: 216162199b28c13a410421893ffa2e32 -> 
  custom:container-demuxer-ogg: 62fdf1f143b41e24485cea50d1cbac27 -> 
  custom:video-decoder-webm-vp8: 9c59270c3fd7afecdb556c50c9e8de78 -> 
  custom:audio-decoder-ogg-vorbis: bf7c407c2cedff20999df2af8eb42d56 -> 
========================================================================
Received Import Request.
  Time since last request: 409.631360 seconds.
  path: Assets/Materials/Fade Mat.mat
  artifactKey: Guid(ad275b864c6bd6940ba933dba861d458) Importer(815301076,1909f56bfc062723c751e8b465ee728b)
Start importing Assets/Materials/Fade Mat.mat using Guid(ad275b864c6bd6940ba933dba861d458) Importer(815301076,1909f56bfc062723c751e8b465ee728b)  -> (artifact id: '4ba157b38d3e0826afd220e4e305d75d') in 0.295308 seconds 
========================================================================
Received Import Request.
  Time since last request: 17.315103 seconds.
  path: Assets/Materials/Dissolve.shadergraph
  artifactKey: Guid(593a3c3abbdc0ca4fba91e472321f532) Importer(815301076,1909f56bfc062723c751e8b465ee728b)
Start importing Assets/Materials/Dissolve.shadergraph using Guid(593a3c3abbdc0ca4fba91e472321f532) Importer(815301076,1909f56bfc062723c751e8b465ee728b)  -> (artifact id: 'f67a4ec7b855b40519e1c2d593d30b9d') in 0.002309 seconds 
========================================================================
Received Import Request.
  Time since last request: 0.805403 seconds.
  path: Assets/Materials/Disolve Plane.mat
  artifactKey: Guid(abe6eba53a335db4b8893bc8032f5e3c) Importer(815301076,1909f56bfc062723c751e8b465ee728b)
Start importing Assets/Materials/Disolve Plane.mat using Guid(abe6eba53a335db4b8893bc8032f5e3c) Importer(815301076,1909f56bfc062723c751e8b465ee728b)  -> (artifact id: '4dab5f2e2fe9e3b3c197b3b91719915b') in 0.088554 seconds 
========================================================================
Received Import Request.
  Time since last request: 32.604365 seconds.
  path: Assets/Materials/Dissolve.shadergraph
  artifactKey: Guid(593a3c3abbdc0ca4fba91e472321f532) Importer(815301076,1909f56bfc062723c751e8b465ee728b)
Start importing Assets/Materials/Dissolve.shadergraph using Guid(593a3c3abbdc0ca4fba91e472321f532) Importer(815301076,1909f56bfc062723c751e8b465ee728b)  -> (artifact id: '9d84e1d2fd5791ceb127af5d472c7795') in 0.002244 seconds 
========================================================================
Received Import Request.
  Time since last request: 0.847043 seconds.
  path: Assets/Materials/Disolve Plane.mat
  artifactKey: Guid(abe6eba53a335db4b8893bc8032f5e3c) Importer(815301076,1909f56bfc062723c751e8b465ee728b)
Start importing Assets/Materials/Disolve Plane.mat using Guid(abe6eba53a335db4b8893bc8032f5e3c) Importer(815301076,1909f56bfc062723c751e8b465ee728b)  -> (artifact id: '2cf98f2454edb6f83fdd41eae08f7e61') in 0.013798 seconds 
========================================================================
Received Import Request.
  Time since last request: 8.752998 seconds.
  path: Assets/Materials/Dissolve.shadergraph
  artifactKey: Guid(593a3c3abbdc0ca4fba91e472321f532) Importer(815301076,1909f56bfc062723c751e8b465ee728b)
Start importing Assets/Materials/Dissolve.shadergraph using Guid(593a3c3abbdc0ca4fba91e472321f532) Importer(815301076,1909f56bfc062723c751e8b465ee728b)  -> (artifact id: '86790d1abf830ec31a224e91e9648a1e') in 0.002117 seconds 
========================================================================
Received Import Request.
  Time since last request: 16.404585 seconds.
  path: Assets/Materials/Dissolve.shadergraph
  artifactKey: Guid(593a3c3abbdc0ca4fba91e472321f532) Importer(815301076,1909f56bfc062723c751e8b465ee728b)
Start importing Assets/Materials/Dissolve.shadergraph using Guid(593a3c3abbdc0ca4fba91e472321f532) Importer(815301076,1909f56bfc062723c751e8b465ee728b)  -> (artifact id: '4e70a854a55585baa8fb093cce343837') in 0.002067 seconds 
========================================================================
Received Import Request.
  Time since last request: 0.851362 seconds.
  path: Assets/Materials/Disolve Plane.mat
  artifactKey: Guid(abe6eba53a335db4b8893bc8032f5e3c) Importer(815301076,1909f56bfc062723c751e8b465ee728b)
Start importing Assets/Materials/Disolve Plane.mat using Guid(abe6eba53a335db4b8893bc8032f5e3c) Importer(815301076,1909f56bfc062723c751e8b465ee728b)  -> (artifact id: '799e25781ed0f6209d0d54031c16e071') in 0.013952 seconds 
========================================================================
Received Import Request.
  Time since last request: 15.994170 seconds.
  path: Assets/Materials/Dissolve.shadergraph
  artifactKey: Guid(593a3c3abbdc0ca4fba91e472321f532) Importer(815301076,1909f56bfc062723c751e8b465ee728b)
Start importing Assets/Materials/Dissolve.shadergraph using Guid(593a3c3abbdc0ca4fba91e472321f532) Importer(815301076,1909f56bfc062723c751e8b465ee728b)  -> (artifact id: '890805d90fafd835dd276bcfa3a7e468') in 0.002340 seconds 
========================================================================
Received Import Request.
  Time since last request: 0.000041 seconds.
  path: Assets/Materials/Disolve Plane.mat
  artifactKey: Guid(abe6eba53a335db4b8893bc8032f5e3c) Importer(815301076,1909f56bfc062723c751e8b465ee728b)
Start importing Assets/Materials/Disolve Plane.mat using Guid(abe6eba53a335db4b8893bc8032f5e3c) Importer(815301076,1909f56bfc062723c751e8b465ee728b)  -> (artifact id: '965efd2f4570baf3d80cf62d0eb076d6') in 0.013636 seconds 
========================================================================
Received Import Request.
  Time since last request: 8.802744 seconds.
  path: Assets/Materials/Dissolve.shadergraph
  artifactKey: Guid(593a3c3abbdc0ca4fba91e472321f532) Importer(815301076,1909f56bfc062723c751e8b465ee728b)
Start importing Assets/Materials/Dissolve.shadergraph using Guid(593a3c3abbdc0ca4fba91e472321f532) Importer(815301076,1909f56bfc062723c751e8b465ee728b)  -> (artifact id: 'a18c5a7df4bab560b7a8fdabfc2ca766') in 0.002135 seconds 
========================================================================
Received Import Request.
  Time since last request: 0.000029 seconds.
  path: Assets/Materials/Disolve Plane.mat
  artifactKey: Guid(abe6eba53a335db4b8893bc8032f5e3c) Importer(815301076,1909f56bfc062723c751e8b465ee728b)
Start importing Assets/Materials/Disolve Plane.mat using Guid(abe6eba53a335db4b8893bc8032f5e3c) Importer(815301076,1909f56bfc062723c751e8b465ee728b)  -> (artifact id: '1f08683bea1e7120c66218b77c93fd0d') in 0.013372 seconds 
========================================================================
Received Import Request.
  Time since last request: 5.479733 seconds.
  path: Assets/Materials/Dissolve.shadergraph
  artifactKey: Guid(593a3c3abbdc0ca4fba91e472321f532) Importer(815301076,1909f56bfc062723c751e8b465ee728b)
Start importing Assets/Materials/Dissolve.shadergraph using Guid(593a3c3abbdc0ca4fba91e472321f532) Importer(815301076,1909f56bfc062723c751e8b465ee728b)  -> (artifact id: '3060fadaff12be6ae3600ad568bcd925') in 0.002100 seconds 
========================================================================
Received Import Request.
  Time since last request: 9.488001 seconds.
  path: Assets/Materials/Dissolve.shadergraph
  artifactKey: Guid(593a3c3abbdc0ca4fba91e472321f532) Importer(815301076,1909f56bfc062723c751e8b465ee728b)
Start importing Assets/Materials/Dissolve.shadergraph using Guid(593a3c3abbdc0ca4fba91e472321f532) Importer(815301076,1909f56bfc062723c751e8b465ee728b)  -> (artifact id: '725036683137ce5686a25a0a03d73542') in 0.002225 seconds 
========================================================================
Received Import Request.
  Time since last request: 0.000029 seconds.
  path: Assets/Materials/Disolve Plane.mat
  artifactKey: Guid(abe6eba53a335db4b8893bc8032f5e3c) Importer(815301076,1909f56bfc062723c751e8b465ee728b)
Start importing Assets/Materials/Disolve Plane.mat using Guid(abe6eba53a335db4b8893bc8032f5e3c) Importer(815301076,1909f56bfc062723c751e8b465ee728b)  -> (artifact id: '8737c12ccbbdf129d3d036db7738daac') in 0.013087 seconds 
========================================================================
Received Import Request.
  Time since last request: 3.930571 seconds.
  path: Assets/Materials/Dissolve.shadergraph
  artifactKey: Guid(593a3c3abbdc0ca4fba91e472321f532) Importer(815301076,1909f56bfc062723c751e8b465ee728b)
Start importing Assets/Materials/Dissolve.shadergraph using Guid(593a3c3abbdc0ca4fba91e472321f532) Importer(815301076,1909f56bfc062723c751e8b465ee728b)  -> (artifact id: '1cda0eda43cef3e781c2647f9081e5a0') in 0.002196 seconds 
========================================================================
Received Import Request.
  Time since last request: 0.000032 seconds.
  path: Assets/Materials/Disolve Plane.mat
  artifactKey: Guid(abe6eba53a335db4b8893bc8032f5e3c) Importer(815301076,1909f56bfc062723c751e8b465ee728b)
Start importing Assets/Materials/Disolve Plane.mat using Guid(abe6eba53a335db4b8893bc8032f5e3c) Importer(815301076,1909f56bfc062723c751e8b465ee728b)  -> (artifact id: 'a9e37fb13c5cbfe3c55f65f9fdd73289') in 0.013226 seconds 
========================================================================
Received Import Request.
  Time since last request: 6.613087 seconds.
  path: Assets/Materials/Dissolve.shadergraph
  artifactKey: Guid(593a3c3abbdc0ca4fba91e472321f532) Importer(815301076,1909f56bfc062723c751e8b465ee728b)
Start importing Assets/Materials/Dissolve.shadergraph using Guid(593a3c3abbdc0ca4fba91e472321f532) Importer(815301076,1909f56bfc062723c751e8b465ee728b)  -> (artifact id: 'b62cfff9669c8282175369b8a200fdbe') in 0.002107 seconds 
========================================================================
Received Import Request.
  Time since last request: 0.000053 seconds.
  path: Assets/Materials/Disolve Plane.mat
  artifactKey: Guid(abe6eba53a335db4b8893bc8032f5e3c) Importer(815301076,1909f56bfc062723c751e8b465ee728b)
Start importing Assets/Materials/Disolve Plane.mat using Guid(abe6eba53a335db4b8893bc8032f5e3c) Importer(815301076,1909f56bfc062723c751e8b465ee728b)  -> (artifact id: 'ee7f0b7ca7735c3813c7d14f4de3c9c1') in 0.013380 seconds 
========================================================================
Received Import Request.
  Time since last request: 10.785709 seconds.
  path: Assets/Materials/Dissolve.shadergraph
  artifactKey: Guid(593a3c3abbdc0ca4fba91e472321f532) Importer(815301076,1909f56bfc062723c751e8b465ee728b)
Start importing Assets/Materials/Dissolve.shadergraph using Guid(593a3c3abbdc0ca4fba91e472321f532) Importer(815301076,1909f56bfc062723c751e8b465ee728b)  -> (artifact id: 'cf06d43442d3bf8f6fb137534bb85359') in 0.002169 seconds 
========================================================================
Received Import Request.
  Time since last request: 0.000033 seconds.
  path: Assets/Materials/Disolve Plane.mat
  artifactKey: Guid(abe6eba53a335db4b8893bc8032f5e3c) Importer(815301076,1909f56bfc062723c751e8b465ee728b)
Start importing Assets/Materials/Disolve Plane.mat using Guid(abe6eba53a335db4b8893bc8032f5e3c) Importer(815301076,1909f56bfc062723c751e8b465ee728b)  -> (artifact id: '86d59714c2c583d16d2c566bc64a0a40') in 0.013744 seconds 
========================================================================
Received Import Request.
  Time since last request: 11.378598 seconds.
  path: Assets/Materials/Dissolve.shadergraph
  artifactKey: Guid(593a3c3abbdc0ca4fba91e472321f532) Importer(815301076,1909f56bfc062723c751e8b465ee728b)
Start importing Assets/Materials/Dissolve.shadergraph using Guid(593a3c3abbdc0ca4fba91e472321f532) Importer(815301076,1909f56bfc062723c751e8b465ee728b)  -> (artifact id: '33b67f927c986544ed0aae1f786a74f1') in 0.002088 seconds 
========================================================================
Received Import Request.
  Time since last request: 5.870733 seconds.
  path: Assets/Materials/Dissolve.shadergraph
  artifactKey: Guid(593a3c3abbdc0ca4fba91e472321f532) Importer(815301076,1909f56bfc062723c751e8b465ee728b)
Start importing Assets/Materials/Dissolve.shadergraph using Guid(593a3c3abbdc0ca4fba91e472321f532) Importer(815301076,1909f56bfc062723c751e8b465ee728b)  -> (artifact id: '0758eb7a80e8a15aa20e177abc4d3591') in 0.002191 seconds 
========================================================================
Received Import Request.
  Time since last request: 1.911986 seconds.
  path: Assets/Materials/Disolve Plane.mat
  artifactKey: Guid(abe6eba53a335db4b8893bc8032f5e3c) Importer(815301076,1909f56bfc062723c751e8b465ee728b)
Start importing Assets/Materials/Disolve Plane.mat using Guid(abe6eba53a335db4b8893bc8032f5e3c) Importer(815301076,1909f56bfc062723c751e8b465ee728b)  -> (artifact id: 'eb7cf3e043b2035b27bba0fb01e9290c') in 0.013395 seconds 
========================================================================
Received Import Request.
  Time since last request: 11.449306 seconds.
  path: Assets/Materials/Dissolve.shadergraph
  artifactKey: Guid(593a3c3abbdc0ca4fba91e472321f532) Importer(815301076,1909f56bfc062723c751e8b465ee728b)
Start importing Assets/Materials/Dissolve.shadergraph using Guid(593a3c3abbdc0ca4fba91e472321f532) Importer(815301076,1909f56bfc062723c751e8b465ee728b)  -> (artifact id: 'fc758723cc4649ea16f030bd33386e2b') in 0.002040 seconds 
========================================================================
Received Import Request.
  Time since last request: 0.000050 seconds.
  path: Assets/Materials/Disolve Plane.mat
  artifactKey: Guid(abe6eba53a335db4b8893bc8032f5e3c) Importer(815301076,1909f56bfc062723c751e8b465ee728b)
Start importing Assets/Materials/Disolve Plane.mat using Guid(abe6eba53a335db4b8893bc8032f5e3c) Importer(815301076,1909f56bfc062723c751e8b465ee728b)  -> (artifact id: 'cc92a01b2fa249a422b0ad9f7e741d79') in 0.013482 seconds 
========================================================================
Received Import Request.
  Time since last request: 5.178292 seconds.
  path: Assets/Materials/Dissolve.shadergraph
  artifactKey: Guid(593a3c3abbdc0ca4fba91e472321f532) Importer(815301076,1909f56bfc062723c751e8b465ee728b)
Start importing Assets/Materials/Dissolve.shadergraph using Guid(593a3c3abbdc0ca4fba91e472321f532) Importer(815301076,1909f56bfc062723c751e8b465ee728b)  -> (artifact id: 'e79cce6316bad4a35389c67ddfa24d32') in 0.002116 seconds 
========================================================================
Received Import Request.
  Time since last request: 88.709152 seconds.
  path: Assets/Materials/Dissolve.shadergraph
  artifactKey: Guid(593a3c3abbdc0ca4fba91e472321f532) Importer(815301076,1909f56bfc062723c751e8b465ee728b)
Start importing Assets/Materials/Dissolve.shadergraph using Guid(593a3c3abbdc0ca4fba91e472321f532) Importer(815301076,1909f56bfc062723c751e8b465ee728b)  -> (artifact id: '7e61ec7249f6e6bfe805c138ed359cdd') in 0.002607 seconds 
========================================================================
Received Import Request.
  Time since last request: 0.878145 seconds.
  path: Assets/Materials/Disolve Plane.mat
  artifactKey: Guid(abe6eba53a335db4b8893bc8032f5e3c) Importer(815301076,1909f56bfc062723c751e8b465ee728b)
Start importing Assets/Materials/Disolve Plane.mat using Guid(abe6eba53a335db4b8893bc8032f5e3c) Importer(815301076,1909f56bfc062723c751e8b465ee728b)  -> (artifact id: '90006bf049cf461fcde5dcbe3056f0bd') in 0.014551 seconds 
========================================================================
Received Import Request.
  Time since last request: 41.943643 seconds.
  path: Assets/Materials/Dissolve.shadergraph
  artifactKey: Guid(593a3c3abbdc0ca4fba91e472321f532) Importer(815301076,1909f56bfc062723c751e8b465ee728b)
Start importing Assets/Materials/Dissolve.shadergraph using Guid(593a3c3abbdc0ca4fba91e472321f532) Importer(815301076,1909f56bfc062723c751e8b465ee728b)  -> (artifact id: '1b250664122ee5c62af1ce239c355828') in 0.002278 seconds 
========================================================================
Received Import Request.
  Time since last request: 42.216989 seconds.
  path: Assets/Materials/Disolve Plane.mat
  artifactKey: Guid(abe6eba53a335db4b8893bc8032f5e3c) Importer(815301076,1909f56bfc062723c751e8b465ee728b)
Start importing Assets/Materials/Disolve Plane.mat using Guid(abe6eba53a335db4b8893bc8032f5e3c) Importer(815301076,1909f56bfc062723c751e8b465ee728b)  -> (artifact id: '7558e5f42bbb50a29ee7692c2e4d5e0d') in 0.015084 seconds 
========================================================================
Received Import Request.
  Time since last request: 35.592945 seconds.
  path: Assets/Materials/Disolve Plane.mat
  artifactKey: Guid(abe6eba53a335db4b8893bc8032f5e3c) Importer(815301076,1909f56bfc062723c751e8b465ee728b)
Start importing Assets/Materials/Disolve Plane.mat using Guid(abe6eba53a335db4b8893bc8032f5e3c) Importer(815301076,1909f56bfc062723c751e8b465ee728b)  -> (artifact id: 'f0d5e0a421fae8b201496b7ff2b173b7') in 0.013485 seconds 
========================================================================
Received Import Request.
  Time since last request: 13.471913 seconds.
  path: Assets/Materials/Disolve Plane.mat
  artifactKey: Guid(abe6eba53a335db4b8893bc8032f5e3c) Importer(815301076,1909f56bfc062723c751e8b465ee728b)
Start importing Assets/Materials/Disolve Plane.mat using Guid(abe6eba53a335db4b8893bc8032f5e3c) Importer(815301076,1909f56bfc062723c751e8b465ee728b)  -> (artifact id: '8a5768337b6526e2b8f8d7bc1379df32') in 0.013460 seconds 
========================================================================
Received Import Request.
  Time since last request: 6.766641 seconds.
  path: Assets/Materials/Disolve Plane.mat
  artifactKey: Guid(abe6eba53a335db4b8893bc8032f5e3c) Importer(815301076,1909f56bfc062723c751e8b465ee728b)
Start importing Assets/Materials/Disolve Plane.mat using Guid(abe6eba53a335db4b8893bc8032f5e3c) Importer(815301076,1909f56bfc062723c751e8b465ee728b)  -> (artifact id: 'e57c9fb3f66fcf3a9e8eb29afb331bc4') in 0.013793 seconds 
========================================================================
Received Import Request.
  Time since last request: 10.621353 seconds.
  path: Assets/Materials/Disolve Plane.mat
  artifactKey: Guid(abe6eba53a335db4b8893bc8032f5e3c) Importer(815301076,1909f56bfc062723c751e8b465ee728b)
Start importing Assets/Materials/Disolve Plane.mat using Guid(abe6eba53a335db4b8893bc8032f5e3c) Importer(815301076,1909f56bfc062723c751e8b465ee728b)  -> (artifact id: 'b77f781b13bff971673baebe06cb8a7a') in 0.013605 seconds 
========================================================================
Received Import Request.
  Time since last request: 23.510362 seconds.
  path: Assets/Materials/Disolve Plane.mat
  artifactKey: Guid(abe6eba53a335db4b8893bc8032f5e3c) Importer(815301076,1909f56bfc062723c751e8b465ee728b)
Start importing Assets/Materials/Disolve Plane.mat using Guid(abe6eba53a335db4b8893bc8032f5e3c) Importer(815301076,1909f56bfc062723c751e8b465ee728b)  -> (artifact id: 'd15108845624b78098a6a7c9245a8c62') in 0.013555 seconds 
========================================================================
Received Import Request.
  Time since last request: 49.318137 seconds.
  path: Assets/Materials/Disolve Plane.mat
  artifactKey: Guid(abe6eba53a335db4b8893bc8032f5e3c) Importer(815301076,1909f56bfc062723c751e8b465ee728b)
Start importing Assets/Materials/Disolve Plane.mat using Guid(abe6eba53a335db4b8893bc8032f5e3c) Importer(815301076,1909f56bfc062723c751e8b465ee728b)  -> (artifact id: '7d3e2ea4e48acdd551392f5d3f12c3e1') in 0.013900 seconds 
========================================================================
Received Import Request.
  Time since last request: 32.191714 seconds.
  path: Assets/Materials/Disolve Plane.mat
  artifactKey: Guid(abe6eba53a335db4b8893bc8032f5e3c) Importer(815301076,1909f56bfc062723c751e8b465ee728b)
Start importing Assets/Materials/Disolve Plane.mat using Guid(abe6eba53a335db4b8893bc8032f5e3c) Importer(815301076,1909f56bfc062723c751e8b465ee728b)  -> (artifact id: '151e4a7b3dd07fe0d04bdf4fb74a16ce') in 0.013721 seconds 
========================================================================
Received Import Request.
  Time since last request: 11.208052 seconds.
  path: Assets/Materials/Disolve Plane.mat
  artifactKey: Guid(abe6eba53a335db4b8893bc8032f5e3c) Importer(815301076,1909f56bfc062723c751e8b465ee728b)
Start importing Assets/Materials/Disolve Plane.mat using Guid(abe6eba53a335db4b8893bc8032f5e3c) Importer(815301076,1909f56bfc062723c751e8b465ee728b)  -> (artifact id: '2beb71772f96cda562f9f207b776c393') in 0.013177 seconds 
========================================================================
Received Import Request.
  Time since last request: 6.005909 seconds.
  path: Assets/Materials/Disolve Plane.mat
  artifactKey: Guid(abe6eba53a335db4b8893bc8032f5e3c) Importer(815301076,1909f56bfc062723c751e8b465ee728b)
Start importing Assets/Materials/Disolve Plane.mat using Guid(abe6eba53a335db4b8893bc8032f5e3c) Importer(815301076,1909f56bfc062723c751e8b465ee728b)  -> (artifact id: '644ec6dc807bce6de6743c0773837261') in 0.013646 seconds 
========================================================================
Received Import Request.
  Time since last request: 6.204389 seconds.
  path: Assets/Materials/Disolve Plane.mat
  artifactKey: Guid(abe6eba53a335db4b8893bc8032f5e3c) Importer(815301076,1909f56bfc062723c751e8b465ee728b)
Start importing Assets/Materials/Disolve Plane.mat using Guid(abe6eba53a335db4b8893bc8032f5e3c) Importer(815301076,1909f56bfc062723c751e8b465ee728b)  -> (artifact id: 'c93f7b0a5a947e1caeed5b35189de520') in 0.013383 seconds 
========================================================================
Received Import Request.
  Time since last request: 10.975840 seconds.
  path: Assets/Materials/Disolve Plane.mat
  artifactKey: Guid(abe6eba53a335db4b8893bc8032f5e3c) Importer(815301076,1909f56bfc062723c751e8b465ee728b)
Start importing Assets/Materials/Disolve Plane.mat using Guid(abe6eba53a335db4b8893bc8032f5e3c) Importer(815301076,1909f56bfc062723c751e8b465ee728b)  -> (artifact id: '48cc9f035833e598695ad7fa5ba96669') in 0.013509 seconds 
========================================================================
Received Import Request.
  Time since last request: 84.255640 seconds.
  path: Assets/Materials/Disolve Plane.mat
  artifactKey: Guid(abe6eba53a335db4b8893bc8032f5e3c) Importer(815301076,1909f56bfc062723c751e8b465ee728b)
Start importing Assets/Materials/Disolve Plane.mat using Guid(abe6eba53a335db4b8893bc8032f5e3c) Importer(815301076,1909f56bfc062723c751e8b465ee728b)  -> (artifact id: '76c8a9f935dbeedbbd6884acb7be72ec') in 0.014800 seconds 
========================================================================
Received Import Request.
  Time since last request: 35.933435 seconds.
  path: Assets/Materials/Disolve Plane.mat
  artifactKey: Guid(abe6eba53a335db4b8893bc8032f5e3c) Importer(815301076,1909f56bfc062723c751e8b465ee728b)
Start importing Assets/Materials/Disolve Plane.mat using Guid(abe6eba53a335db4b8893bc8032f5e3c) Importer(815301076,1909f56bfc062723c751e8b465ee728b)  -> (artifact id: '18ca6074517c3c8be77b957af099e69e') in 0.014537 seconds 
========================================================================
Received Import Request.
  Time since last request: 19.259661 seconds.
  path: Assets/Materials/Disolve Plane.mat
  artifactKey: Guid(abe6eba53a335db4b8893bc8032f5e3c) Importer(815301076,1909f56bfc062723c751e8b465ee728b)
Start importing Assets/Materials/Disolve Plane.mat using Guid(abe6eba53a335db4b8893bc8032f5e3c) Importer(815301076,1909f56bfc062723c751e8b465ee728b)  -> (artifact id: '5a781027c9ecc30bb0dc75f2b8bb2c63') in 0.013933 seconds 
========================================================================
Received Import Request.
  Time since last request: 8.285691 seconds.
  path: Assets/Materials/Disolve Plane.mat
  artifactKey: Guid(abe6eba53a335db4b8893bc8032f5e3c) Importer(815301076,1909f56bfc062723c751e8b465ee728b)
Start importing Assets/Materials/Disolve Plane.mat using Guid(abe6eba53a335db4b8893bc8032f5e3c) Importer(815301076,1909f56bfc062723c751e8b465ee728b)  -> (artifact id: '12a47c55acc49b22c7de84fb3b2c8bfd') in 0.013233 seconds 
========================================================================
Received Import Request.
  Time since last request: 6.011971 seconds.
  path: Assets/Materials/Disolve Plane.mat
  artifactKey: Guid(abe6eba53a335db4b8893bc8032f5e3c) Importer(815301076,1909f56bfc062723c751e8b465ee728b)
Start importing Assets/Materials/Disolve Plane.mat using Guid(abe6eba53a335db4b8893bc8032f5e3c) Importer(815301076,1909f56bfc062723c751e8b465ee728b)  -> (artifact id: 'cde9b2c98504a53add12a176d7e3e706') in 0.013378 seconds 
========================================================================
Received Import Request.
  Time since last request: 12.779087 seconds.
  path: Assets/Materials/Disolve Plane.mat
  artifactKey: Guid(abe6eba53a335db4b8893bc8032f5e3c) Importer(815301076,1909f56bfc062723c751e8b465ee728b)
Start importing Assets/Materials/Disolve Plane.mat using Guid(abe6eba53a335db4b8893bc8032f5e3c) Importer(815301076,1909f56bfc062723c751e8b465ee728b)  -> (artifact id: 'd2de0d888a8cf050cdbfa5b6efa96172') in 0.013297 seconds 
========================================================================
Received Import Request.
  Time since last request: 16.191046 seconds.
  path: Assets/Materials/Disolve Plane.mat
  artifactKey: Guid(abe6eba53a335db4b8893bc8032f5e3c) Importer(815301076,1909f56bfc062723c751e8b465ee728b)
Start importing Assets/Materials/Disolve Plane.mat using Guid(abe6eba53a335db4b8893bc8032f5e3c) Importer(815301076,1909f56bfc062723c751e8b465ee728b)  -> (artifact id: '353fcc9c52f452876fd28d5fa52edc68') in 0.013569 seconds 
========================================================================
Received Import Request.
  Time since last request: 6.505751 seconds.
  path: Assets/Materials/Disolve Plane.mat
  artifactKey: Guid(abe6eba53a335db4b8893bc8032f5e3c) Importer(815301076,1909f56bfc062723c751e8b465ee728b)
Start importing Assets/Materials/Disolve Plane.mat using Guid(abe6eba53a335db4b8893bc8032f5e3c) Importer(815301076,1909f56bfc062723c751e8b465ee728b)  -> (artifact id: '5337d913b6659eb8df9919e7c6606fe7') in 0.013158 seconds 
========================================================================
Received Import Request.
  Time since last request: 9.736523 seconds.
  path: Assets/Materials/Disolve Plane.mat
  artifactKey: Guid(abe6eba53a335db4b8893bc8032f5e3c) Importer(815301076,1909f56bfc062723c751e8b465ee728b)
Start importing Assets/Materials/Disolve Plane.mat using Guid(abe6eba53a335db4b8893bc8032f5e3c) Importer(815301076,1909f56bfc062723c751e8b465ee728b)  -> (artifact id: 'd5b3a9e7cfa8083b5f636409b9418ce1') in 0.014273 seconds 
========================================================================
Received Import Request.
  Time since last request: 14.368358 seconds.
  path: Assets/Materials/Disolve Plane.mat
  artifactKey: Guid(abe6eba53a335db4b8893bc8032f5e3c) Importer(815301076,1909f56bfc062723c751e8b465ee728b)
Start importing Assets/Materials/Disolve Plane.mat using Guid(abe6eba53a335db4b8893bc8032f5e3c) Importer(815301076,1909f56bfc062723c751e8b465ee728b)  -> (artifact id: '8a6b24bd3530d1073189f1f5016e33b6') in 0.013439 seconds 
========================================================================
Received Import Request.
  Time since last request: 8.675348 seconds.
  path: Assets/Materials/Disolve Plane.mat
  artifactKey: Guid(abe6eba53a335db4b8893bc8032f5e3c) Importer(815301076,1909f56bfc062723c751e8b465ee728b)
Start importing Assets/Materials/Disolve Plane.mat using Guid(abe6eba53a335db4b8893bc8032f5e3c) Importer(815301076,1909f56bfc062723c751e8b465ee728b)  -> (artifact id: '5f52eb148714a0e4804366d69c38985d') in 0.012683 seconds 
========================================================================
Received Import Request.
  Time since last request: 77.790120 seconds.
  path: Assets/Materials/Disolve Plane.mat
  artifactKey: Guid(abe6eba53a335db4b8893bc8032f5e3c) Importer(815301076,1909f56bfc062723c751e8b465ee728b)
Start importing Assets/Materials/Disolve Plane.mat using Guid(abe6eba53a335db4b8893bc8032f5e3c) Importer(815301076,1909f56bfc062723c751e8b465ee728b)  -> (artifact id: '373cced39d0daa2040ce154fc3a80f9a') in 0.013961 seconds 
========================================================================
Received Import Request.
  Time since last request: 21.167673 seconds.
  path: Assets/Materials/Disolve Plane.mat
  artifactKey: Guid(abe6eba53a335db4b8893bc8032f5e3c) Importer(815301076,1909f56bfc062723c751e8b465ee728b)
Start importing Assets/Materials/Disolve Plane.mat using Guid(abe6eba53a335db4b8893bc8032f5e3c) Importer(815301076,1909f56bfc062723c751e8b465ee728b)  -> (artifact id: '2011418d48b6747ca4d7beade94e39da') in 0.013595 seconds 
========================================================================
Received Import Request.
  Time since last request: 104.827308 seconds.
  path: Assets/Materials/Disolve Sphere.mat
  artifactKey: Guid(36cd15365d828874d8fdd5ef91329097) Importer(815301076,1909f56bfc062723c751e8b465ee728b)
Start importing Assets/Materials/Disolve Sphere.mat using Guid(36cd15365d828874d8fdd5ef91329097) Importer(815301076,1909f56bfc062723c751e8b465ee728b)  -> (artifact id: '0620ec923844fe100b68a0d336e11a4b') in 0.018637 seconds 
========================================================================
Received Import Request.
  Time since last request: 573.753136 seconds.
  path: Assets/Rover.prefab
  artifactKey: Guid(83de87b27f2032b4f80efdc4686e60c9) Importer(815301076,1909f56bfc062723c751e8b465ee728b)
Start importing Assets/Rover.prefab using Guid(83de87b27f2032b4f80efdc4686e60c9) Importer(815301076,1909f56bfc062723c751e8b465ee728b)  -> (artifact id: '840bc1df77f0401097419f351ed53f17') in 0.069550 seconds 
========================================================================
Received Import Request.
  Time since last request: 6.038411 seconds.
  path: Assets/Models
  artifactKey: Guid(86c08cb0659226d4e865cb39fa87cd5d) Importer(815301076,1909f56bfc062723c751e8b465ee728b)
Start importing Assets/Models using Guid(86c08cb0659226d4e865cb39fa87cd5d) Importer(815301076,1909f56bfc062723c751e8b465ee728b)  -> (artifact id: '8c79b3ed04c5e5d46e3cddfec77e901f') in 0.001853 seconds 
========================================================================
Received Import Request.
  Time since last request: 0.041088 seconds.
  path: Assets/Models/Rover.fbx
  artifactKey: Guid(b0db5571036438b4d8a070e7d1e4b5bc) Importer(815301076,1909f56bfc062723c751e8b465ee728b)
Start importing Assets/Models/Rover.fbx using Guid(b0db5571036438b4d8a070e7d1e4b5bc) Importer(815301076,1909f56bfc062723c751e8b465ee728b)  -> (artifact id: 'ae0d102e70123bda552950e77f5621ed') in 0.787452 seconds 
========================================================================
Received Prepare
Registering precompiled user dll's ...
Registered in 0.013895 seconds.
Begin MonoManager ReloadAssembly
Native extension for WindowsStandalone target not found
Native extension for Android target not found
Native extension for WebGL target not found
Refreshing native plugins compatible for Editor in 2.05 ms, found 9 plugins.
Preloading 0 native plugins for Editor in 0.00 ms.
Mono: successfully reloaded assembly
- Completed reload, in  2.059 seconds
Domain Reload Profiling:
	ReloadAssembly (2060ms)
		BeginReloadAssembly (233ms)
			ExecutionOrderSort (0ms)
			DisableScriptedObjects (11ms)
			BackupInstance (0ms)
			ReleaseScriptingObjects (0ms)
			CreateAndSetChildDomain (85ms)
		EndReloadAssembly (1675ms)
			LoadAssemblies (137ms)
			RebuildTransferFunctionScriptingTraits (0ms)
			SetupTypeCache (507ms)
			ReleaseScriptCaches (4ms)
			RebuildScriptCaches (105ms)
			SetupLoadedEditorAssemblies (779ms)
				LogAssemblyErrors (0ms)
				InitializePlatformSupportModulesInManaged (32ms)
				SetLoadedEditorAssemblies (1ms)
				RefreshPlugins (2ms)
				BeforeProcessingInitializeOnLoad (138ms)
				ProcessInitializeOnLoadAttributes (472ms)
				ProcessInitializeOnLoadMethodAttributes (130ms)
				AfterProcessingInitializeOnLoad (4ms)
				EditorAssembliesLoaded (0ms)
			ExecutionOrderSort2 (0ms)
			AwakeInstancesAfterBackupRestoration (32ms)
Platform modules already initialized, skipping
Refreshing native plugins compatible for Editor in 7.39 ms, found 9 plugins.
Preloading 0 native plugins for Editor in 0.00 ms.
Unloading 6709 Unused Serialized files (Serialized files now loaded: 0)
Unloading 60 unused Assets / (1.8 MB). Loaded Objects now: 7499.
Memory consumption went from 281.7 MB to 279.9 MB.
Total: 7.499800 ms (FindLiveObjects: 0.888300 ms CreateObjectMapping: 0.418400 ms MarkObjects: 5.080500 ms  DeleteObjects: 1.110900 ms)

AssetImportParameters requested are different than current active one (requested -> active):
  custom:video-decoder-ogg-theora: a1e56fd34408186e4bbccfd4996cb3dc -> 
  custom:container-muxer-webm: aa71ff27fc2769a1b78a27578f13a17b -> 
  custom:container-demuxer-webm: 4f35f7cbe854078d1ac9338744f61a02 -> 
  custom:video-encoder-webm-vp8: eb34c28f22e8b96e1ab97ce403110664 -> 
  custom:audio-encoder-webm-vorbis: bf7c407c2cedff20999df2af8eb42d56 -> 
  custom:framework-win-MediaFoundation: 216162199b28c13a410421893ffa2e32 -> 
  custom:container-demuxer-ogg: 62fdf1f143b41e24485cea50d1cbac27 -> 
  custom:video-decoder-webm-vp8: 9c59270c3fd7afecdb556c50c9e8de78 -> 
  custom:audio-decoder-ogg-vorbis: bf7c407c2cedff20999df2af8eb42d56 -> 
========================================================================
Received Import Request.
  Time since last request: 78.099575 seconds.
  path: Assets/Rover.prefab
  artifactKey: Guid(83de87b27f2032b4f80efdc4686e60c9) Importer(815301076,1909f56bfc062723c751e8b465ee728b)
Start importing Assets/Rover.prefab using Guid(83de87b27f2032b4f80efdc4686e60c9) Importer(815301076,1909f56bfc062723c751e8b465ee728b)  -> (artifact id: '7635e230196463f7a0f84d0fa5218fb7') in 0.307840 seconds 
========================================================================
Received Import Request.
  Time since last request: 2.611221 seconds.
  path: Assets/Scripts/Joystic.cs
  artifactKey: Guid(667f2a9dc304ff24b851512a19790046) Importer(815301076,1909f56bfc062723c751e8b465ee728b)
Start importing Assets/Scripts/Joystic.cs using Guid(667f2a9dc304ff24b851512a19790046) Importer(815301076,1909f56bfc062723c751e8b465ee728b)  -> (artifact id: '5a4ea499899b47f34e156cdf61ab98a5') in 0.006449 seconds 
========================================================================
Received Import Request.
  Time since last request: 0.477034 seconds.
  path: Assets/Scripts/CarController.cs
  artifactKey: Guid(09f77742bcef6da48850998519a1c1a5) Importer(815301076,1909f56bfc062723c751e8b465ee728b)
Start importing Assets/Scripts/CarController.cs using Guid(09f77742bcef6da48850998519a1c1a5) Importer(815301076,1909f56bfc062723c751e8b465ee728b)  -> (artifact id: '19e4fdfa4d095e683399ead00d33c0b7') in 0.002000 seconds 
========================================================================
Received Prepare
Registering precompiled user dll's ...
Registered in 0.009544 seconds.
Begin MonoManager ReloadAssembly
Native extension for WindowsStandalone target not found
Native extension for Android target not found
Native extension for WebGL target not found
Refreshing native plugins compatible for Editor in 1.90 ms, found 9 plugins.
Preloading 0 native plugins for Editor in 0.00 ms.
Mono: successfully reloaded assembly
- Completed reload, in  2.027 seconds
Domain Reload Profiling:
	ReloadAssembly (2028ms)
		BeginReloadAssembly (237ms)
			ExecutionOrderSort (0ms)
			DisableScriptedObjects (11ms)
			BackupInstance (0ms)
			ReleaseScriptingObjects (0ms)
			CreateAndSetChildDomain (78ms)
		EndReloadAssembly (1645ms)
			LoadAssemblies (149ms)
			RebuildTransferFunctionScriptingTraits (0ms)
			SetupTypeCache (479ms)
			ReleaseScriptCaches (4ms)
			RebuildScriptCaches (106ms)
			SetupLoadedEditorAssemblies (775ms)
				LogAssemblyErrors (0ms)
				InitializePlatformSupportModulesInManaged (31ms)
				SetLoadedEditorAssemblies (1ms)
				RefreshPlugins (2ms)
				BeforeProcessingInitializeOnLoad (137ms)
				ProcessInitializeOnLoadAttributes (466ms)
				ProcessInitializeOnLoadMethodAttributes (134ms)
				AfterProcessingInitializeOnLoad (4ms)
				EditorAssembliesLoaded (0ms)
			ExecutionOrderSort2 (0ms)
			AwakeInstancesAfterBackupRestoration (32ms)
Platform modules already initialized, skipping
Refreshing native plugins compatible for Editor in 7.63 ms, found 9 plugins.
Preloading 0 native plugins for Editor in 0.00 ms.
Unloading 6709 Unused Serialized files (Serialized files now loaded: 0)
Unloading 60 unused Assets / (1.8 MB). Loaded Objects now: 7543.
Memory consumption went from 281.7 MB to 279.9 MB.
Total: 8.364700 ms (FindLiveObjects: 0.805700 ms CreateObjectMapping: 0.436100 ms MarkObjects: 6.035200 ms  DeleteObjects: 1.086000 ms)

AssetImportParameters requested are different than current active one (requested -> active):
  custom:video-decoder-ogg-theora: a1e56fd34408186e4bbccfd4996cb3dc -> 
  custom:container-muxer-webm: aa71ff27fc2769a1b78a27578f13a17b -> 
  custom:container-demuxer-webm: 4f35f7cbe854078d1ac9338744f61a02 -> 
  custom:video-encoder-webm-vp8: eb34c28f22e8b96e1ab97ce403110664 -> 
  custom:audio-encoder-webm-vorbis: bf7c407c2cedff20999df2af8eb42d56 -> 
  custom:framework-win-MediaFoundation: 216162199b28c13a410421893ffa2e32 -> 
  custom:container-demuxer-ogg: 62fdf1f143b41e24485cea50d1cbac27 -> 
  custom:video-decoder-webm-vp8: 9c59270c3fd7afecdb556c50c9e8de78 -> 
  custom:audio-decoder-ogg-vorbis: bf7c407c2cedff20999df2af8eb42d56 -> 
========================================================================
Received Prepare
Registering precompiled user dll's ...
Registered in 0.009802 seconds.
Begin MonoManager ReloadAssembly
Native extension for WindowsStandalone target not found
Native extension for Android target not found
Native extension for WebGL target not found
Refreshing native plugins compatible for Editor in 2.14 ms, found 9 plugins.
Preloading 0 native plugins for Editor in 0.00 ms.
Mono: successfully reloaded assembly
- Completed reload, in  2.043 seconds
Domain Reload Profiling:
	ReloadAssembly (2044ms)
		BeginReloadAssembly (211ms)
			ExecutionOrderSort (0ms)
			DisableScriptedObjects (8ms)
			BackupInstance (0ms)
			ReleaseScriptingObjects (0ms)
			CreateAndSetChildDomain (69ms)
		EndReloadAssembly (1685ms)
			LoadAssemblies (132ms)
			RebuildTransferFunctionScriptingTraits (0ms)
			SetupTypeCache (504ms)
			ReleaseScriptCaches (4ms)
			RebuildScriptCaches (111ms)
			SetupLoadedEditorAssemblies (804ms)
				LogAssemblyErrors (0ms)
				InitializePlatformSupportModulesInManaged (36ms)
				SetLoadedEditorAssemblies (1ms)
				RefreshPlugins (2ms)
				BeforeProcessingInitializeOnLoad (143ms)
				ProcessInitializeOnLoadAttributes (478ms)
				ProcessInitializeOnLoadMethodAttributes (140ms)
				AfterProcessingInitializeOnLoad (4ms)
				EditorAssembliesLoaded (0ms)
			ExecutionOrderSort2 (0ms)
			AwakeInstancesAfterBackupRestoration (26ms)
Platform modules already initialized, skipping
Refreshing native plugins compatible for Editor in 7.14 ms, found 9 plugins.
Preloading 0 native plugins for Editor in 0.00 ms.
Unloading 6710 Unused Serialized files (Serialized files now loaded: 0)
Unloading 59 unused Assets / (1.8 MB). Loaded Objects now: 7547.
Memory consumption went from 281.7 MB to 280.0 MB.
Total: 6.778200 ms (FindLiveObjects: 0.774500 ms CreateObjectMapping: 0.406500 ms MarkObjects: 4.680500 ms  DeleteObjects: 0.915900 ms)

AssetImportParameters requested are different than current active one (requested -> active):
  custom:video-decoder-ogg-theora: a1e56fd34408186e4bbccfd4996cb3dc -> 
  custom:container-muxer-webm: aa71ff27fc2769a1b78a27578f13a17b -> 
  custom:container-demuxer-webm: 4f35f7cbe854078d1ac9338744f61a02 -> 
  custom:video-encoder-webm-vp8: eb34c28f22e8b96e1ab97ce403110664 -> 
  custom:audio-encoder-webm-vorbis: bf7c407c2cedff20999df2af8eb42d56 -> 
  custom:framework-win-MediaFoundation: 216162199b28c13a410421893ffa2e32 -> 
  custom:container-demuxer-ogg: 62fdf1f143b41e24485cea50d1cbac27 -> 
  custom:video-decoder-webm-vp8: 9c59270c3fd7afecdb556c50c9e8de78 -> 
  custom:audio-decoder-ogg-vorbis: bf7c407c2cedff20999df2af8eb42d56 -> 
========================================================================
Received Prepare
Registering precompiled user dll's ...
Registered in 0.009274 seconds.
Begin MonoManager ReloadAssembly
Native extension for WindowsStandalone target not found
Native extension for Android target not found
Native extension for WebGL target not found
Refreshing native plugins compatible for Editor in 2.09 ms, found 9 plugins.
Preloading 0 native plugins for Editor in 0.00 ms.
Mono: successfully reloaded assembly
- Completed reload, in  2.029 seconds
Domain Reload Profiling:
	ReloadAssembly (2030ms)
		BeginReloadAssembly (216ms)
			ExecutionOrderSort (0ms)
			DisableScriptedObjects (8ms)
			BackupInstance (0ms)
			ReleaseScriptingObjects (0ms)
			CreateAndSetChildDomain (70ms)
		EndReloadAssembly (1668ms)
			LoadAssemblies (143ms)
			RebuildTransferFunctionScriptingTraits (0ms)
			SetupTypeCache (493ms)
			ReleaseScriptCaches (4ms)
			RebuildScriptCaches (114ms)
			SetupLoadedEditorAssemblies (784ms)
				LogAssemblyErrors (0ms)
				InitializePlatformSupportModulesInManaged (32ms)
				SetLoadedEditorAssemblies (1ms)
				RefreshPlugins (2ms)
				BeforeProcessingInitializeOnLoad (136ms)
				ProcessInitializeOnLoadAttributes (476ms)
				ProcessInitializeOnLoadMethodAttributes (132ms)
				AfterProcessingInitializeOnLoad (4ms)
				EditorAssembliesLoaded (0ms)
			ExecutionOrderSort2 (0ms)
			AwakeInstancesAfterBackupRestoration (26ms)
Platform modules already initialized, skipping
Refreshing native plugins compatible for Editor in 6.93 ms, found 9 plugins.
Preloading 0 native plugins for Editor in 0.00 ms.
Unloading 6710 Unused Serialized files (Serialized files now loaded: 0)
Unloading 59 unused Assets / (1.8 MB). Loaded Objects now: 7551.
Memory consumption went from 281.8 MB to 280.0 MB.
Total: 7.621000 ms (FindLiveObjects: 0.771600 ms CreateObjectMapping: 0.428100 ms MarkObjects: 5.406500 ms  DeleteObjects: 1.013400 ms)

AssetImportParameters requested are different than current active one (requested -> active):
  custom:video-decoder-ogg-theora: a1e56fd34408186e4bbccfd4996cb3dc -> 
  custom:container-muxer-webm: aa71ff27fc2769a1b78a27578f13a17b -> 
  custom:container-demuxer-webm: 4f35f7cbe854078d1ac9338744f61a02 -> 
  custom:video-encoder-webm-vp8: eb34c28f22e8b96e1ab97ce403110664 -> 
  custom:audio-encoder-webm-vorbis: bf7c407c2cedff20999df2af8eb42d56 -> 
  custom:framework-win-MediaFoundation: 216162199b28c13a410421893ffa2e32 -> 
  custom:container-demuxer-ogg: 62fdf1f143b41e24485cea50d1cbac27 -> 
  custom:video-decoder-webm-vp8: 9c59270c3fd7afecdb556c50c9e8de78 -> 
  custom:audio-decoder-ogg-vorbis: bf7c407c2cedff20999df2af8eb42d56 -> 
========================================================================
Received Prepare
Registering precompiled user dll's ...
Registered in 0.010074 seconds.
Begin MonoManager ReloadAssembly
Native extension for WindowsStandalone target not found
Native extension for Android target not found
Native extension for WebGL target not found
Refreshing native plugins compatible for Editor in 2.19 ms, found 9 plugins.
Preloading 0 native plugins for Editor in 0.00 ms.
Mono: successfully reloaded assembly
- Completed reload, in  2.032 seconds
Domain Reload Profiling:
	ReloadAssembly (2033ms)
		BeginReloadAssembly (221ms)
			ExecutionOrderSort (0ms)
			DisableScriptedObjects (8ms)
			BackupInstance (0ms)
			ReleaseScriptingObjects (0ms)
			CreateAndSetChildDomain (66ms)
		EndReloadAssembly (1666ms)
			LoadAssemblies (146ms)
			RebuildTransferFunctionScriptingTraits (0ms)
			SetupTypeCache (500ms)
			ReleaseScriptCaches (4ms)
			RebuildScriptCaches (110ms)
			SetupLoadedEditorAssemblies (787ms)
				LogAssemblyErrors (0ms)
				InitializePlatformSupportModulesInManaged (31ms)
				SetLoadedEditorAssemblies (1ms)
				RefreshPlugins (2ms)
				BeforeProcessingInitializeOnLoad (142ms)
				ProcessInitializeOnLoadAttributes (477ms)
				ProcessInitializeOnLoadMethodAttributes (130ms)
				AfterProcessingInitializeOnLoad (4ms)
				EditorAssembliesLoaded (0ms)
			ExecutionOrderSort2 (0ms)
			AwakeInstancesAfterBackupRestoration (25ms)
Platform modules already initialized, skipping
Refreshing native plugins compatible for Editor in 7.35 ms, found 9 plugins.
Preloading 0 native plugins for Editor in 0.00 ms.
Unloading 6710 Unused Serialized files (Serialized files now loaded: 0)
Unloading 59 unused Assets / (1.8 MB). Loaded Objects now: 7555.
Memory consumption went from 281.8 MB to 280.0 MB.
Total: 7.056300 ms (FindLiveObjects: 0.922700 ms CreateObjectMapping: 0.443700 ms MarkObjects: 4.659500 ms  DeleteObjects: 1.029000 ms)

AssetImportParameters requested are different than current active one (requested -> active):
  custom:video-decoder-ogg-theora: a1e56fd34408186e4bbccfd4996cb3dc -> 
  custom:container-muxer-webm: aa71ff27fc2769a1b78a27578f13a17b -> 
  custom:container-demuxer-webm: 4f35f7cbe854078d1ac9338744f61a02 -> 
  custom:video-encoder-webm-vp8: eb34c28f22e8b96e1ab97ce403110664 -> 
  custom:audio-encoder-webm-vorbis: bf7c407c2cedff20999df2af8eb42d56 -> 
  custom:framework-win-MediaFoundation: 216162199b28c13a410421893ffa2e32 -> 
  custom:container-demuxer-ogg: 62fdf1f143b41e24485cea50d1cbac27 -> 
  custom:video-decoder-webm-vp8: 9c59270c3fd7afecdb556c50c9e8de78 -> 
  custom:audio-decoder-ogg-vorbis: bf7c407c2cedff20999df2af8eb42d56 -> 
========================================================================
Received Prepare
Registering precompiled user dll's ...
Registered in 0.011509 seconds.
Begin MonoManager ReloadAssembly
Native extension for WindowsStandalone target not found
Native extension for Android target not found
Native extension for WebGL target not found
Refreshing native plugins compatible for Editor in 1.83 ms, found 9 plugins.
Preloading 0 native plugins for Editor in 0.00 ms.
Mono: successfully reloaded assembly
- Completed reload, in  5.105 seconds
Domain Reload Profiling:
	ReloadAssembly (5106ms)
		BeginReloadAssembly (325ms)
			ExecutionOrderSort (0ms)
			DisableScriptedObjects (8ms)
			BackupInstance (0ms)
			ReleaseScriptingObjects (0ms)
			CreateAndSetChildDomain (69ms)
		EndReloadAssembly (4627ms)
			LoadAssemblies (2780ms)
			RebuildTransferFunctionScriptingTraits (0ms)
			SetupTypeCache (556ms)
			ReleaseScriptCaches (4ms)
			RebuildScriptCaches (102ms)
			SetupLoadedEditorAssemblies (816ms)
				LogAssemblyErrors (0ms)
				InitializePlatformSupportModulesInManaged (31ms)
				SetLoadedEditorAssemblies (1ms)
				RefreshPlugins (2ms)
				BeforeProcessingInitializeOnLoad (133ms)
				ProcessInitializeOnLoadAttributes (499ms)
				ProcessInitializeOnLoadMethodAttributes (147ms)
				AfterProcessingInitializeOnLoad (4ms)
				EditorAssembliesLoaded (0ms)
			ExecutionOrderSort2 (0ms)
			AwakeInstancesAfterBackupRestoration (26ms)
Platform modules already initialized, skipping
Refreshing native plugins compatible for Editor in 244.22 ms, found 9 plugins.
Preloading 0 native plugins for Editor in 0.00 ms.
Unloading 6710 Unused Serialized files (Serialized files now loaded: 0)
Unloading 59 unused Assets / (1.8 MB). Loaded Objects now: 7559.
Memory consumption went from 281.8 MB to 280.0 MB.
Total: 7.414100 ms (FindLiveObjects: 0.820300 ms CreateObjectMapping: 0.458600 ms MarkObjects: 5.040000 ms  DeleteObjects: 1.093500 ms)

AssetImportParameters requested are different than current active one (requested -> active):
  custom:video-decoder-ogg-theora: a1e56fd34408186e4bbccfd4996cb3dc -> 
  custom:container-muxer-webm: aa71ff27fc2769a1b78a27578f13a17b -> 
  custom:container-demuxer-webm: 4f35f7cbe854078d1ac9338744f61a02 -> 
  custom:video-encoder-webm-vp8: eb34c28f22e8b96e1ab97ce403110664 -> 
  custom:audio-encoder-webm-vorbis: bf7c407c2cedff20999df2af8eb42d56 -> 
  custom:framework-win-MediaFoundation: 216162199b28c13a410421893ffa2e32 -> 
  custom:container-demuxer-ogg: 62fdf1f143b41e24485cea50d1cbac27 -> 
  custom:video-decoder-webm-vp8: 9c59270c3fd7afecdb556c50c9e8de78 -> 
  custom:audio-decoder-ogg-vorbis: bf7c407c2cedff20999df2af8eb42d56 -> 
